<?xml version="1.0" encoding="UTF-8"?>
<!-- Generated by org.testng.reporters.JUnitXMLReporter -->
<testsuite ignored="0" hostname="LAPTOP-K322O225" failures="0" tests="4" name="Test" time="0.043" errors="0" timestamp="2025-03-18T12:15:34 IST">
  <testcase classname="orgTest.CreateOrgTest" name="createTest" time="0.004"/>
  <testcase classname="orgTest.CreateOrgTest" name="modifyTest" time="0.001"/>
  <testcase classname="contactTest.CreateContactTest" name="createTest" time="0.0"/>
  <testcase classname="contactTest.CreateContactTest" name="modifyTest" time="0.001"/>
</testsuite> <!-- Test -->
