<?xml version="1.0" encoding="UTF-8"?>
<testng-results ignored="0" total="2" passed="2" failed="0" skipped="0">
  <reporter-output>
  </reporter-output>
  <suite started-at="2025-03-14T12:35:34 IST" name="Suite" finished-at="2025-03-14T12:35:34 IST" duration-ms="46">
    <groups>
    </groups>
    <test started-at="2025-03-14T12:35:34 IST" name="Test" finished-at="2025-03-14T12:35:34 IST" duration-ms="46">
      <class name="contactTest.CreateContactTest">
        <test-method signature="createTest()[pri:0, instance:contactTest.CreateContactTest@294425a7]" started-at="2025-03-14T12:35:34 IST" name="createTest" finished-at="2025-03-14T12:35:34 IST" duration-ms="0" status="PASS">
          <reporter-output>
          </reporter-output>
        </test-method> <!-- createTest -->
        <test-method signature="modifyTest()[pri:0, instance:contactTest.CreateContactTest@294425a7]" started-at="2025-03-14T12:35:34 IST" name="modifyTest" finished-at="2025-03-14T12:35:34 IST" duration-ms="0" status="PASS">
          <reporter-output>
          </reporter-output>
        </test-method> <!-- modifyTest -->
      </class> <!-- contactTest.CreateContactTest -->
    </test> <!-- Test -->
  </suite> <!-- Suite -->
</testng-results>
