<?xml version="1.0" encoding="UTF-8"?>
<testng-results ignored="0" total="4" passed="4" failed="0" skipped="0">
  <reporter-output>
  </reporter-output>
  <suite started-at="2025-03-18T12:15:34 IST" name="Suite" finished-at="2025-03-18T12:15:34 IST" duration-ms="43">
    <groups>
    </groups>
    <test started-at="2025-03-18T12:15:34 IST" name="Test" finished-at="2025-03-18T12:15:34 IST" duration-ms="43">
      <class name="orgTest.CreateOrgTest">
        <test-method signature="createTest()[pri:0, instance:orgTest.CreateOrgTest@67d48005]" started-at="2025-03-18T12:15:34 IST" name="createTest" finished-at="2025-03-18T12:15:34 IST" duration-ms="4" status="PASS">
          <reporter-output>
          </reporter-output>
        </test-method> <!-- createTest -->
        <test-method signature="modifyTest()[pri:0, instance:orgTest.CreateOrgTest@67d48005]" started-at="2025-03-18T12:15:34 IST" name="modifyTest" finished-at="2025-03-18T12:15:34 IST" duration-ms="1" status="PASS">
          <reporter-output>
          </reporter-output>
        </test-method> <!-- modifyTest -->
      </class> <!-- orgTest.CreateOrgTest -->
      <class name="contactTest.CreateContactTest">
        <test-method signature="createTest()[pri:0, instance:contactTest.CreateContactTest@6572421]" started-at="2025-03-18T12:15:34 IST" name="createTest" finished-at="2025-03-18T12:15:34 IST" duration-ms="0" status="PASS">
          <reporter-output>
          </reporter-output>
        </test-method> <!-- createTest -->
        <test-method signature="modifyTest()[pri:0, instance:contactTest.CreateContactTest@6572421]" started-at="2025-03-18T12:15:34 IST" name="modifyTest" finished-at="2025-03-18T12:15:34 IST" duration-ms="1" status="PASS">
          <reporter-output>
          </reporter-output>
        </test-method> <!-- modifyTest -->
      </class> <!-- contactTest.CreateContactTest -->
    </test> <!-- Test -->
  </suite> <!-- Suite -->
</testng-results>
