<?xml version="1.0" encoding="UTF-8"?>
<!-- Generated by org.testng.reporters.JUnitXMLReporter -->
<testsuite ignored="0" hostname="LAPTOP-K322O225" failures="0" tests="4" name="Surefire test" time="0.056" errors="0" timestamp="2025-03-18T12:11:34 IST">
  <testcase classname="contactTest.CreateContactTest" name="createTest" time="0.006"/>
  <testcase classname="contactTest.CreateContactTest" name="modifyTest" time="0.002"/>
  <testcase classname="orgTest.CreateOrgTest" name="createTest" time="0.0"/>
  <testcase classname="orgTest.CreateOrgTest" name="modifyTest" time="0.001"/>
</testsuite> <!-- Surefire test -->
